15:28:17.596 [main] INFO  testCases.TC_01 - **Practo Url opended Successfully**
15:28:56.798 [main] INFO  testCases.TC_01 - ****checking the selected location ****
15:28:56.969 [main] INFO  testCases.TC_01 - checking the selected specialist
15:28:57.339 [main] INFO  testCases.TC_01 - giving the options in dropdowns
15:29:52.365 [main] INFO  testCases.TC_01 - First five doctor detials entered succesfully in Excel
15:30:40.308 [main] INFO  testCases.TC_02 - **Surgies page opended Successfully**
15:30:40.313 [main] INFO  testCases.TC_02 - ****Surgieres list printed****
15:31:42.550 [main] INFO  testCases.TC_03 - **Demo form page opended Successfully**
15:31:44.344 [main] INFO  testCases.TC_03 - ****submit button disabled****
15:32:50.594 [main] INFO  testCases.TC_04 - **Practo Url opended Successfully**
15:32:52.674 [main] INFO  testCases.TC_04 - ****submit button enabled****
15:33:08.464 [main] INFO  testCases.TC_04 - thank you msg displayed
15:33:58.903 [main] INFO  testCases.TC_05 - ****Starting Testcase ten extracting doctor detials****
15:38:12.082 [main] INFO  testCases.TC_05 - ****submit button disabled****
15:38:12.082 [main] INFO  testCases.TC_05 - ***TestCase three excuted successfully***
15:38:17.520 [main] INFO  testCases.TC_05 - ****submit button enabled****
11:29:38.071 [main] INFO  testCases.TC_02 - **Surgies page opended Successfully**
11:29:38.084 [main] INFO  testCases.TC_02 - ****Surgieres list printed****
11:31:32.152 [main] INFO  testCases.TC_03 - **Demo form page opended Successfully**
11:31:33.749 [main] INFO  testCases.TC_03 - ****submit button disabled****
11:33:21.760 [main] INFO  testCases.TC_04 - **Practo Url opended Successfully**
11:33:22.478 [main] INFO  testCases.TC_04 - ****submit button enabled****
11:35:11.588 [main] INFO  testCases.TC_05 - ****Starting Testcase ten extracting doctor detials****
10:43:34.861 [main] INFO  testCases.TC_01 - **Practo Url opended Successfully**
10:44:18.592 [main] INFO  testCases.TC_01 - ****checking the selected location ****
10:44:18.638 [main] INFO  testCases.TC_01 - checking the selected specialist
10:44:18.799 [main] INFO  testCases.TC_01 - giving the options in dropdowns
14:42:15.452 [main] INFO  testCases.TC_01 - **Practo Url opended Successfully**
14:42:21.061 [main] INFO  testCases.TC_01 - ****checking the selected location ****
14:42:21.125 [main] INFO  testCases.TC_01 - checking the selected specialist
14:42:21.321 [main] INFO  testCases.TC_01 - giving the options in dropdowns
14:42:35.153 [main] INFO  testCases.TC_01 - First five doctor detials entered succesfully in Excel
14:44:06.472 [main] INFO  testCases.TC_02 - **Surgies page opended Successfully**
14:44:06.473 [main] INFO  testCases.TC_02 - ****Surgieres list printed****
14:45:57.163 [main] INFO  testCases.TC_03 - **Demo form page opended Successfully**
14:45:57.904 [main] INFO  testCases.TC_03 - ****submit button disabled****
14:48:05.590 [main] INFO  testCases.TC_04 - **Practo Url opended Successfully**
14:48:06.358 [main] INFO  testCases.TC_04 - ****submit button enabled****
15:40:13.431 [main] INFO  testCases.TC_05 - ****Starting Testcase ten extracting doctor detials****
17:00:53.850 [main] INFO  testCases.TC_01 - **Practo Url opended Successfully**
17:01:00.068 [main] INFO  testCases.TC_01 - ****checking the selected location ****
17:01:00.119 [main] INFO  testCases.TC_01 - checking the selected specialist
17:01:00.296 [main] INFO  testCases.TC_01 - giving the options in dropdowns
17:01:13.350 [main] INFO  testCases.TC_01 - First five doctor detials entered succesfully in Excel
17:01:22.651 [main] INFO  testCases.TC_02 - **Surgies page opended Successfully**
17:01:22.653 [main] INFO  testCases.TC_02 - ****Surgieres list printed****
17:01:36.878 [main] INFO  testCases.TC_03 - **Demo form page opended Successfully**
17:01:37.344 [main] INFO  testCases.TC_03 - ****submit button disabled****
17:01:51.941 [main] INFO  testCases.TC_04 - **Practo Url opended Successfully**
17:01:52.459 [main] INFO  testCases.TC_04 - ****submit button enabled****
17:01:53.060 [main] INFO  testCases.TC_04 - thank you msg displayed
17:01:59.654 [main] INFO  testCases.TC_05 - ****Starting Testcase ten extracting doctor detials****
17:02:29.354 [main] INFO  testCases.TC_05 - ****submit button disabled****
17:02:29.354 [main] INFO  testCases.TC_05 - ***TestCase three excuted successfully***
17:02:31.045 [main] INFO  testCases.TC_05 - ****submit button enabled****
